
2025-10-02 00:36:48 - [SUCCESS] Successfully printed contents!
2025-10-02 00:36:59 - [ERROR] Directory 'doesnt exist' doesn't exist.
2025-10-02 00:37:12 - [SUCCESS] Successfully printed contents!
2025-10-02 00:37:12 - [WARNING] Unable to list directory, permission not fulfilled
2025-10-02 00:37:23 - [ERROR] Directory '' doesn't exist.
2025-10-02 00:37:35 - [ERROR] Directory '' doesn't exist.
2025-10-02 00:38:04 - [SUCCESS] Successfully printed contents!
2025-10-02 00:38:07 - [ERROR] incorrectly typed command
2025-10-02 00:38:51 - [ERROR] Directory '/home/mika/my documents' doesn't exist.
2025-10-02 00:39:01 - [ERROR] Directory '/home/Mika/My documents' doesn't exist.
2025-10-02 00:39:11 - [ERROR] Directory '/home/mika/My documents' doesn't exist.
2025-10-02 00:40:55 - [ERROR] Directory '/home/Mika/Mydocuments' doesn't exist.
2025-10-02 00:41:06 - [ERROR] Directory '/home/mika/Mydocuments' doesn't exist.
2025-10-02 00:41:13 - [ERROR] Directory '/home/Mika/MyDocuments' doesn't exist.
2025-10-02 00:41:23 - [ERROR] Directory '/home/mika/Mydocuments' doesn't exist.
2025-10-02 00:44:08 - [ERROR] Directory '/home/Mika/DevOps-Learning' doesn't exist.
2025-10-02 00:44:19 - [SUCCESS] Successfully printed contents!
2025-10-02 00:44:41 - [ERROR] Directory '/DevOps-Learning' doesn't exist.
2025-10-02 00:44:51 - [ERROR] Directory '/mika/DevOps-Learning' doesn't exist.
2025-10-03 20:59:36 - [ERROR] Directory '' doesn't exist.
2025-10-03 20:59:36 - [ERROR] Directory '' doesn't exist.
2025-10-03 20:59:36 - [ERROR] Directory '' doesn't exist.
2025-10-03 20:59:36 - [ERROR] Directory '' doesn't exist.
2025-10-03 20:59:36 - [ERROR] Directory '' doesn't exist.
2025-10-03 20:59:36 - [ERROR] Directory '' doesn't exist.
2025-10-03 20:59:36 - [ERROR] Directory '' doesn't exist.
2025-10-03 20:59:36 - [ERROR] Directory '' doesn't exist.
2025-10-03 20:59:36 - [ERROR] Directory '' doesn't exist.
2025-10-03 20:59:36 - [ERROR] Directory '' doesn't exist.
2025-10-03 20:59:36 - [ERROR] Directory '' doesn't exist.
2025-10-03 20:59:36 - [ERROR] Directory '' doesn't exist.
2025-10-03 20:59:36 - [ERROR] Directory '' doesn't exist.
2025-10-03 20:59:36 - [ERROR] Directory '' doesn't exist.
2025-10-03 20:59:36 - [ERROR] Directory '' doesn't exist.
2025-10-03 20:59:36 - [ERROR] Directory '' doesn't exist.
2025-10-03 20:59:36 - [ERROR] Directory '' doesn't exist.
2025-10-03 20:59:36 - [ERROR] Directory '' doesn't exist.
2025-10-03 20:59:36 - [ERROR] Directory '' doesn't exist.
2025-10-03 20:59:36 - [ERROR] Directory '' doesn't exist.
2025-10-03 20:59:36 - [ERROR] Directory '' doesn't exist.
2025-10-03 20:59:36 - [ERROR] Directory '' doesn't exist.
2025-10-03 20:59:36 - [ERROR] Directory '' doesn't exist.
2025-10-03 20:59:36 - [ERROR] Directory '' doesn't exist.
2025-10-03 20:59:36 - [ERROR] Directory '' doesn't exist.
2025-10-03 20:59:36 - [ERROR] Directory '' doesn't exist.
2025-10-03 20:59:36 - [ERROR] Directory '' doesn't exist.
2025-10-03 20:59:36 - [ERROR] Directory '' doesn't exist.
2025-10-03 20:59:36 - [ERROR] Directory '' doesn't exist.
2025-10-03 20:59:36 - [ERROR] Directory '' doesn't exist.
2025-10-03 20:59:36 - [ERROR] Directory '' doesn't exist.
2025-10-03 20:59:36 - [ERROR] Directory '' doesn't exist.
2025-10-03 20:59:36 - [ERROR] Directory '' doesn't exist.
2025-10-03 20:59:36 - [ERROR] Directory '' doesn't exist.
2025-10-03 20:59:36 - [ERROR] Directory '' doesn't exist.
2025-10-03 20:59:36 - [ERROR] Directory '' doesn't exist.
2025-10-03 20:59:36 - [ERROR] Directory '' doesn't exist.
2025-10-03 20:59:36 - [ERROR] Directory '' doesn't exist.
2025-10-03 20:59:36 - [ERROR] Directory '' doesn't exist.
2025-10-03 20:59:36 - [ERROR] Directory '' doesn't exist.
2025-10-03 20:59:36 - [ERROR] Directory '' doesn't exist.
2025-10-03 20:59:36 - [ERROR] Directory '' doesn't exist.
2025-10-03 20:59:36 - [ERROR] Directory '' doesn't exist.
2025-10-03 20:59:36 - [ERROR] Directory '' doesn't exist.
2025-10-03 20:59:36 - [ERROR] Directory '' doesn't exist.
2025-10-03 20:59:36 - [ERROR] Directory '' doesn't exist.
2025-10-03 20:59:36 - [ERROR] Directory '' doesn't exist.
2025-10-03 20:59:36 - [ERROR] Directory '' doesn't exist.
2025-10-03 20:59:36 - [ERROR] Directory '' doesn't exist.
2025-10-03 20:59:36 - [ERROR] Directory '' doesn't exist.
2025-10-03 20:59:36 - [ERROR] Directory '' doesn't exist.
2025-10-03 20:59:36 - [ERROR] Directory '' doesn't exist.
2025-10-03 20:59:36 - [ERROR] Directory '' doesn't exist.
2025-10-03 20:59:36 - [ERROR] Directory '' doesn't exist.
2025-10-03 20:59:36 - [ERROR] Directory '' doesn't exist.
2025-10-03 20:59:36 - [ERROR] Directory '' doesn't exist.
2025-10-03 20:59:36 - [ERROR] Directory '' doesn't exist.
2025-10-03 20:59:36 - [ERROR] Directory '' doesn't exist.
2025-10-03 20:59:36 - [ERROR] Directory '' doesn't exist.
2025-10-03 20:59:36 - [ERROR] Directory '' doesn't exist.
2025-10-03 20:59:36 - [ERROR] Directory '' doesn't exist.
2025-10-03 20:59:36 - [ERROR] Directory '' doesn't exist.
2025-10-03 20:59:36 - [ERROR] Directory '' doesn't exist.
2025-10-03 20:59:36 - [ERROR] Directory '' doesn't exist.
2025-10-03 20:59:36 - [ERROR] Directory '' doesn't exist.
2025-10-03 20:59:36 - [ERROR] Directory '' doesn't exist.
2025-10-03 20:59:36 - [ERROR] Directory '' doesn't exist.
2025-10-03 20:59:36 - [ERROR] Directory '' doesn't exist.
2025-10-03 20:59:36 - [ERROR] Directory '' doesn't exist.
2025-10-03 20:59:36 - [ERROR] Directory '' doesn't exist.
2025-10-03 20:59:36 - [ERROR] Directory '' doesn't exist.
2025-10-03 20:59:36 - [ERROR] Directory '' doesn't exist.
2025-10-03 20:59:36 - [ERROR] Directory '' doesn't exist.
2025-10-03 20:59:36 - [ERROR] Directory '' doesn't exist.
2025-10-03 20:59:36 - [ERROR] Directory '' doesn't exist.
2025-10-03 20:59:36 - [ERROR] Directory '' doesn't exist.
2025-10-03 20:59:36 - [ERROR] Directory '' doesn't exist.
2025-10-03 20:59:36 - [ERROR] Directory '' doesn't exist.
2025-10-03 20:59:36 - [ERROR] Directory '' doesn't exist.
2025-10-03 20:59:36 - [ERROR] Directory '' doesn't exist.
2025-10-03 20:59:36 - [ERROR] Directory '' doesn't exist.
2025-10-03 20:59:36 - [ERROR] Directory '' doesn't exist.
2025-10-03 20:59:36 - [ERROR] Directory '' doesn't exist.
2025-10-03 20:59:36 - [ERROR] Directory '' doesn't exist.
2025-10-03 20:59:36 - [ERROR] Directory '' doesn't exist.
2025-10-03 20:59:36 - [ERROR] Directory '' doesn't exist.
2025-10-03 20:59:36 - [ERROR] Directory '' doesn't exist.
2025-10-03 20:59:36 - [ERROR] Directory '' doesn't exist.
2025-10-03 20:59:36 - [ERROR] Directory '' doesn't exist.
2025-10-03 20:59:36 - [ERROR] Directory '' doesn't exist.
2025-10-03 20:59:36 - [ERROR] Directory '' doesn't exist.
2025-10-03 20:59:36 - [ERROR] Directory '' doesn't exist.
2025-10-03 20:59:36 - [ERROR] Directory '' doesn't exist.
2025-10-03 20:59:36 - [ERROR] Directory '' doesn't exist.
2025-10-03 20:59:37 - [ERROR] Directory '' doesn't exist.
2025-10-03 20:59:37 - [ERROR] Directory '' doesn't exist.
2025-10-03 20:59:37 - [ERROR] Directory '' doesn't exist.
2025-10-03 20:59:37 - [ERROR] Directory '' doesn't exist.
2025-10-03 20:59:37 - [ERROR] Directory '' doesn't exist.
2025-10-03 20:59:37 - [ERROR] Directory '' doesn't exist.
2025-10-03 20:59:37 - [ERROR] Directory '' doesn't exist.
2025-10-03 20:59:37 - [ERROR] Directory '' doesn't exist.
2025-10-03 20:59:37 - [ERROR] Directory '' doesn't exist.
2025-10-03 20:59:37 - [ERROR] Directory '' doesn't exist.
2025-10-03 20:59:37 - [ERROR] Directory '' doesn't exist.
2025-10-03 20:59:37 - [ERROR] Directory '' doesn't exist.
2025-10-03 20:59:37 - [ERROR] Directory '' doesn't exist.
2025-10-03 20:59:37 - [ERROR] Directory '' doesn't exist.
2025-10-03 20:59:37 - [ERROR] Directory '' doesn't exist.
2025-10-03 20:59:37 - [ERROR] Directory '' doesn't exist.
2025-10-03 20:59:37 - [ERROR] Directory '' doesn't exist.
2025-10-03 20:59:37 - [ERROR] Directory '' doesn't exist.
2025-10-03 20:59:37 - [ERROR] Directory '' doesn't exist.
2025-10-03 20:59:37 - [ERROR] Directory '' doesn't exist.
2025-10-03 20:59:37 - [ERROR] Directory '' doesn't exist.
2025-10-03 20:59:37 - [ERROR] Directory '' doesn't exist.
2025-10-03 20:59:37 - [ERROR] Directory '' doesn't exist.
2025-10-03 20:59:37 - [ERROR] Directory '' doesn't exist.
2025-10-03 20:59:37 - [ERROR] Directory '' doesn't exist.
2025-10-03 20:59:37 - [ERROR] Directory '' doesn't exist.
2025-10-03 20:59:37 - [ERROR] Directory '' doesn't exist.
2025-10-03 20:59:37 - [ERROR] Directory '' doesn't exist.
2025-10-03 20:59:37 - [ERROR] Directory '' doesn't exist.
2025-10-03 20:59:37 - [ERROR] Directory '' doesn't exist.
2025-10-03 20:59:37 - [ERROR] Directory '' doesn't exist.
2025-10-03 20:59:37 - [ERROR] Directory '' doesn't exist.
2025-10-03 20:59:37 - [ERROR] Directory '' doesn't exist.
2025-10-03 20:59:37 - [ERROR] Directory '' doesn't exist.
2025-10-03 20:59:37 - [ERROR] Directory '' doesn't exist.
2025-10-03 20:59:37 - [ERROR] Directory '' doesn't exist.
2025-10-03 20:59:37 - [ERROR] Directory '' doesn't exist.
2025-10-03 20:59:37 - [ERROR] Directory '' doesn't exist.
2025-10-03 20:59:37 - [ERROR] Directory '' doesn't exist.
2025-10-03 20:59:37 - [ERROR] Directory '' doesn't exist.
2025-10-03 20:59:37 - [ERROR] Directory '' doesn't exist.
2025-10-03 20:59:37 - [ERROR] Directory '' doesn't exist.
2025-10-03 20:59:37 - [ERROR] Directory '' doesn't exist.
2025-10-03 20:59:37 - [ERROR] Directory '' doesn't exist.
2025-10-03 20:59:37 - [ERROR] Directory '' doesn't exist.
2025-10-03 20:59:37 - [ERROR] Directory '' doesn't exist.
2025-10-03 20:59:37 - [ERROR] Directory '' doesn't exist.
2025-10-03 20:59:37 - [ERROR] Directory '' doesn't exist.
2025-10-03 20:59:37 - [ERROR] Directory '' doesn't exist.
2025-10-03 20:59:37 - [ERROR] Directory '' doesn't exist.
2025-10-03 20:59:37 - [ERROR] Directory '' doesn't exist.
2025-10-03 20:59:37 - [ERROR] Directory '' doesn't exist.
2025-10-03 20:59:37 - [ERROR] Directory '' doesn't exist.
2025-10-03 20:59:37 - [ERROR] Directory '' doesn't exist.
2025-10-03 20:59:37 - [ERROR] Directory '' doesn't exist.
2025-10-03 20:59:37 - [ERROR] Directory '' doesn't exist.
2025-10-03 20:59:37 - [ERROR] Directory '' doesn't exist.
2025-10-03 20:59:37 - [ERROR] Directory '' doesn't exist.
2025-10-03 20:59:37 - [ERROR] Directory '' doesn't exist.
2025-10-03 20:59:37 - [ERROR] Directory '' doesn't exist.
2025-10-03 20:59:37 - [ERROR] Directory '' doesn't exist.
2025-10-03 20:59:37 - [ERROR] Directory '' doesn't exist.
2025-10-03 20:59:37 - [ERROR] Directory '' doesn't exist.
2025-10-03 20:59:37 - [ERROR] Directory '' doesn't exist.
2025-10-03 20:59:37 - [ERROR] Directory '' doesn't exist.
2025-10-03 20:59:37 - [ERROR] Directory '' doesn't exist.
2025-10-03 20:59:37 - [ERROR] Directory '' doesn't exist.
2025-10-03 20:59:37 - [ERROR] Directory '' doesn't exist.
2025-10-03 20:59:37 - [ERROR] Directory '' doesn't exist.
2025-10-03 20:59:37 - [ERROR] Directory '' doesn't exist.
2025-10-03 20:59:37 - [ERROR] Directory '' doesn't exist.
2025-10-03 20:59:37 - [ERROR] Directory '' doesn't exist.
2025-10-03 20:59:37 - [ERROR] Directory '' doesn't exist.
2025-10-03 20:59:37 - [ERROR] Directory '' doesn't exist.
2025-10-03 20:59:37 - [ERROR] Directory '' doesn't exist.
2025-10-03 20:59:37 - [ERROR] Directory '' doesn't exist.
2025-10-03 20:59:37 - [ERROR] Directory '' doesn't exist.
2025-10-03 20:59:37 - [ERROR] Directory '' doesn't exist.
2025-10-03 20:59:37 - [ERROR] Directory '' doesn't exist.
2025-10-03 20:59:37 - [ERROR] Directory '' doesn't exist.
2025-10-03 20:59:37 - [ERROR] Directory '' doesn't exist.
2025-10-03 20:59:37 - [ERROR] Directory '' doesn't exist.
2025-10-03 20:59:37 - [ERROR] Directory '' doesn't exist.
2025-10-03 20:59:37 - [ERROR] Directory '' doesn't exist.
2025-10-03 20:59:37 - [ERROR] Directory '' doesn't exist.
2025-10-03 20:59:37 - [ERROR] Directory '' doesn't exist.
2025-10-03 20:59:37 - [ERROR] Directory '' doesn't exist.
2025-10-03 20:59:37 - [ERROR] Directory '' doesn't exist.
2025-10-03 20:59:37 - [ERROR] Directory '' doesn't exist.
2025-10-03 20:59:37 - [ERROR] Directory '' doesn't exist.
2025-10-03 20:59:37 - [ERROR] Directory '' doesn't exist.
2025-10-03 20:59:37 - [ERROR] Directory '' doesn't exist.
2025-10-03 20:59:37 - [ERROR] Directory '' doesn't exist.
2025-10-03 20:59:37 - [ERROR] Directory '' doesn't exist.
2025-10-03 20:59:37 - [ERROR] Directory '' doesn't exist.
2025-10-03 20:59:37 - [ERROR] Directory '' doesn't exist.
2025-10-03 20:59:37 - [ERROR] Directory '' doesn't exist.
2025-10-03 20:59:37 - [ERROR] Directory '' doesn't exist.
2025-10-03 20:59:37 - [ERROR] Directory '' doesn't exist.
2025-10-03 20:59:37 - [ERROR] Directory '' doesn't exist.
2025-10-03 20:59:37 - [ERROR] Directory '' doesn't exist.
2025-10-03 20:59:37 - [ERROR] Directory '' doesn't exist.
2025-10-03 20:59:37 - [ERROR] Directory '' doesn't exist.
2025-10-03 20:59:37 - [ERROR] Directory '' doesn't exist.
2025-10-03 20:59:37 - [ERROR] Directory '' doesn't exist.
2025-10-03 20:59:37 - [ERROR] Directory '' doesn't exist.
2025-10-03 20:59:37 - [ERROR] Directory '' doesn't exist.
2025-10-03 20:59:37 - [ERROR] Directory '' doesn't exist.
2025-10-03 20:59:37 - [ERROR] Directory '' doesn't exist.
2025-10-03 20:59:37 - [ERROR] Directory '' doesn't exist.
2025-10-03 20:59:37 - [ERROR] Directory '' doesn't exist.
2025-10-03 20:59:37 - [ERROR] Directory '' doesn't exist.
2025-10-03 20:59:37 - [ERROR] Directory '' doesn't exist.
2025-10-03 20:59:37 - [ERROR] Directory '' doesn't exist.
2025-10-03 20:59:37 - [ERROR] Directory '' doesn't exist.
2025-10-03 20:59:37 - [ERROR] Directory '' doesn't exist.
2025-10-03 20:59:37 - [ERROR] Directory '' doesn't exist.
2025-10-03 20:59:37 - [ERROR] Directory '' doesn't exist.
2025-10-03 20:59:37 - [ERROR] Directory '' doesn't exist.
2025-10-03 20:59:37 - [ERROR] Directory '' doesn't exist.
2025-10-03 20:59:37 - [ERROR] Directory '' doesn't exist.
2025-10-03 20:59:37 - [ERROR] Directory '' doesn't exist.
2025-10-03 20:59:37 - [ERROR] Directory '' doesn't exist.
2025-10-03 20:59:37 - [ERROR] Directory '' doesn't exist.
2025-10-03 20:59:37 - [ERROR] Directory '' doesn't exist.
2025-10-03 20:59:37 - [ERROR] Directory '' doesn't exist.
2025-10-03 20:59:37 - [ERROR] Directory '' doesn't exist.
2025-10-03 20:59:37 - [ERROR] Directory '' doesn't exist.
2025-10-03 20:59:37 - [ERROR] Directory '' doesn't exist.
2025-10-03 20:59:37 - [ERROR] Directory '' doesn't exist.
2025-10-03 20:59:37 - [ERROR] Directory '' doesn't exist.
2025-10-03 20:59:37 - [ERROR] Directory '' doesn't exist.
2025-10-03 20:59:37 - [ERROR] Directory '' doesn't exist.
2025-10-03 20:59:37 - [ERROR] Directory '' doesn't exist.
2025-10-03 20:59:37 - [ERROR] Directory '' doesn't exist.
2025-10-03 20:59:37 - [ERROR] Directory '' doesn't exist.
2025-10-03 20:59:37 - [ERROR] Directory '' doesn't exist.
2025-10-03 20:59:37 - [ERROR] Directory '' doesn't exist.
2025-10-03 20:59:37 - [ERROR] Directory '' doesn't exist.
2025-10-03 20:59:37 - [ERROR] Directory '' doesn't exist.
2025-10-03 20:59:37 - [ERROR] Directory '' doesn't exist.
2025-10-03 20:59:37 - [ERROR] Directory '' doesn't exist.
2025-10-03 20:59:37 - [ERROR] Directory '' doesn't exist.
2025-10-03 20:59:37 - [ERROR] Directory '' doesn't exist.
2025-10-03 20:59:37 - [ERROR] Directory '' doesn't exist.
2025-10-03 20:59:37 - [ERROR] Directory '' doesn't exist.
2025-10-03 20:59:37 - [ERROR] Directory '' doesn't exist.
2025-10-03 20:59:37 - [ERROR] Directory '' doesn't exist.
2025-10-03 20:59:37 - [ERROR] Directory '' doesn't exist.
2025-10-03 20:59:37 - [ERROR] Directory '' doesn't exist.
2025-10-03 20:59:37 - [ERROR] Directory '' doesn't exist.
2025-10-03 20:59:37 - [ERROR] Directory '' doesn't exist.
2025-10-03 20:59:37 - [ERROR] Directory '' doesn't exist.
2025-10-03 20:59:37 - [ERROR] Directory '' doesn't exist.
2025-10-03 20:59:37 - [ERROR] Directory '' doesn't exist.
2025-10-03 20:59:37 - [ERROR] Directory '' doesn't exist.
2025-10-03 20:59:37 - [ERROR] Directory '' doesn't exist.
2025-10-03 20:59:37 - [ERROR] Directory '' doesn't exist.
2025-10-03 20:59:37 - [ERROR] Directory '' doesn't exist.
2025-10-03 20:59:37 - [ERROR] Directory '' doesn't exist.
2025-10-03 20:59:37 - [ERROR] Directory '' doesn't exist.
2025-10-03 20:59:37 - [ERROR] Directory '' doesn't exist.
2025-10-03 20:59:37 - [ERROR] Directory '' doesn't exist.
2025-10-03 20:59:37 - [ERROR] Directory '' doesn't exist.
2025-10-03 20:59:37 - [ERROR] Directory '' doesn't exist.
2025-10-03 20:59:37 - [ERROR] Directory '' doesn't exist.
2025-10-03 20:59:37 - [ERROR] Directory '' doesn't exist.
2025-10-03 20:59:37 - [ERROR] Directory '' doesn't exist.
2025-10-03 20:59:37 - [ERROR] Directory '' doesn't exist.
2025-10-03 20:59:37 - [ERROR] Directory '' doesn't exist.
2025-10-03 20:59:37 - [ERROR] Directory '' doesn't exist.
2025-10-03 20:59:37 - [ERROR] Directory '' doesn't exist.
2025-10-03 20:59:37 - [ERROR] Directory '' doesn't exist.
2025-10-03 20:59:37 - [ERROR] Directory '' doesn't exist.
2025-10-03 20:59:37 - [ERROR] Directory '' doesn't exist.
2025-10-03 20:59:37 - [ERROR] Directory '' doesn't exist.
2025-10-03 20:59:37 - [ERROR] Directory '' doesn't exist.
2025-10-03 20:59:37 - [ERROR] Directory '' doesn't exist.
2025-10-03 20:59:37 - [ERROR] Directory '' doesn't exist.
2025-10-03 20:59:37 - [ERROR] Directory '' doesn't exist.
2025-10-03 20:59:37 - [ERROR] Directory '' doesn't exist.
2025-10-03 20:59:37 - [ERROR] Directory '' doesn't exist.
2025-10-03 20:59:37 - [ERROR] Directory '' doesn't exist.
2025-10-03 20:59:37 - [ERROR] Directory '' doesn't exist.
2025-10-03 20:59:37 - [ERROR] Directory '' doesn't exist.
2025-10-03 20:59:37 - [ERROR] Directory '' doesn't exist.
2025-10-03 20:59:37 - [ERROR] Directory '' doesn't exist.
2025-10-03 20:59:37 - [ERROR] Directory '' doesn't exist.
2025-10-03 20:59:37 - [ERROR] Directory '' doesn't exist.
2025-10-03 20:59:37 - [ERROR] Directory '' doesn't exist.
2025-10-03 20:59:37 - [ERROR] Directory '' doesn't exist.
2025-10-03 20:59:37 - [ERROR] Directory '' doesn't exist.
2025-10-03 20:59:37 - [ERROR] Directory '' doesn't exist.
2025-10-03 20:59:37 - [ERROR] Directory '' doesn't exist.
2025-10-03 20:59:37 - [ERROR] Directory '' doesn't exist.
2025-10-03 20:59:37 - [ERROR] Directory '' doesn't exist.
2025-10-03 20:59:37 - [ERROR] Directory '' doesn't exist.
2025-10-03 20:59:37 - [ERROR] Directory '' doesn't exist.
2025-10-03 20:59:37 - [ERROR] Directory '' doesn't exist.
2025-10-03 20:59:37 - [ERROR] Directory '' doesn't exist.
2025-10-03 20:59:37 - [ERROR] Directory '' doesn't exist.
2025-10-03 20:59:37 - [ERROR] Directory '' doesn't exist.
2025-10-03 20:59:37 - [ERROR] Directory '' doesn't exist.
2025-10-03 20:59:37 - [ERROR] Directory '' doesn't exist.
2025-10-03 20:59:37 - [ERROR] Directory '' doesn't exist.
2025-10-03 20:59:37 - [ERROR] Directory '' doesn't exist.
2025-10-03 20:59:37 - [ERROR] Directory '' doesn't exist.
2025-10-03 20:59:37 - [ERROR] Directory '' doesn't exist.
2025-10-03 20:59:37 - [ERROR] Directory '' doesn't exist.
2025-10-03 20:59:37 - [ERROR] Directory '' doesn't exist.
2025-10-03 20:59:37 - [ERROR] Directory '' doesn't exist.
2025-10-03 20:59:37 - [ERROR] Directory '' doesn't exist.
2025-10-03 20:59:37 - [ERROR] Directory '' doesn't exist.
2025-10-03 20:59:38 - [ERROR] Directory '' doesn't exist.
2025-10-03 20:59:38 - [ERROR] Directory '' doesn't exist.
2025-10-03 20:59:38 - [ERROR] Directory '' doesn't exist.
2025-10-03 20:59:38 - [ERROR] Directory '' doesn't exist.
2025-10-03 20:59:38 - [ERROR] Directory '' doesn't exist.
2025-10-03 20:59:38 - [ERROR] Directory '' doesn't exist.
2025-10-03 20:59:38 - [ERROR] Directory '' doesn't exist.
2025-10-03 20:59:38 - [ERROR] Directory '' doesn't exist.
2025-10-03 20:59:38 - [ERROR] Directory '' doesn't exist.
2025-10-03 20:59:38 - [ERROR] Directory '' doesn't exist.
2025-10-03 20:59:38 - [ERROR] Directory '' doesn't exist.
2025-10-03 20:59:38 - [ERROR] Directory '' doesn't exist.
2025-10-03 20:59:38 - [ERROR] Directory '' doesn't exist.
2025-10-03 20:59:38 - [ERROR] Directory '' doesn't exist.
2025-10-03 20:59:38 - [ERROR] Directory '' doesn't exist.
2025-10-03 20:59:38 - [ERROR] Directory '' doesn't exist.
2025-10-03 20:59:38 - [ERROR] Directory '' doesn't exist.
2025-10-03 20:59:38 - [ERROR] Directory '' doesn't exist.
2025-10-03 20:59:38 - [ERROR] Directory '' doesn't exist.
2025-10-03 20:59:38 - [ERROR] Directory '' doesn't exist.
2025-10-03 20:59:38 - [ERROR] Directory '' doesn't exist.
2025-10-03 20:59:38 - [ERROR] Directory '' doesn't exist.
2025-10-03 20:59:38 - [ERROR] Directory '' doesn't exist.
2025-10-03 20:59:38 - [ERROR] Directory '' doesn't exist.
2025-10-03 20:59:38 - [ERROR] Directory '' doesn't exist.
2025-10-03 20:59:38 - [ERROR] Directory '' doesn't exist.
2025-10-03 20:59:38 - [ERROR] Directory '' doesn't exist.
2025-10-03 20:59:38 - [ERROR] Directory '' doesn't exist.
2025-10-03 20:59:38 - [ERROR] Directory '' doesn't exist.
2025-10-03 20:59:38 - [ERROR] Directory '' doesn't exist.
2025-10-03 20:59:38 - [ERROR] Directory '' doesn't exist.
2025-10-03 20:59:38 - [ERROR] Directory '' doesn't exist.
2025-10-03 20:59:38 - [ERROR] Directory '' doesn't exist.
2025-10-03 20:59:38 - [ERROR] Directory '' doesn't exist.
2025-10-03 20:59:38 - [ERROR] Directory '' doesn't exist.
2025-10-03 20:59:38 - [ERROR] Directory '' doesn't exist.
2025-10-03 20:59:38 - [ERROR] Directory '' doesn't exist.
2025-10-03 20:59:38 - [ERROR] Directory '' doesn't exist.
2025-10-03 20:59:38 - [ERROR] Directory '' doesn't exist.
2025-10-03 20:59:38 - [ERROR] Directory '' doesn't exist.
2025-10-03 20:59:38 - [ERROR] Directory '' doesn't exist.
2025-10-03 20:59:38 - [ERROR] Directory '' doesn't exist.
2025-10-03 20:59:38 - [ERROR] Directory '' doesn't exist.
2025-10-03 20:59:38 - [ERROR] Directory '' doesn't exist.
2025-10-03 20:59:38 - [ERROR] Directory '' doesn't exist.
2025-10-03 20:59:38 - [ERROR] Directory '' doesn't exist.
2025-10-03 20:59:38 - [ERROR] Directory '' doesn't exist.
2025-10-03 20:59:38 - [ERROR] Directory '' doesn't exist.
2025-10-03 20:59:38 - [ERROR] Directory '' doesn't exist.
2025-10-03 20:59:38 - [ERROR] Directory '' doesn't exist.
2025-10-03 20:59:38 - [ERROR] Directory '' doesn't exist.
2025-10-03 20:59:38 - [ERROR] Directory '' doesn't exist.
2025-10-03 20:59:38 - [ERROR] Directory '' doesn't exist.
2025-10-03 20:59:38 - [ERROR] Directory '' doesn't exist.
2025-10-03 20:59:38 - [ERROR] Directory '' doesn't exist.
2025-10-03 20:59:38 - [ERROR] Directory '' doesn't exist.
2025-10-03 20:59:38 - [ERROR] Directory '' doesn't exist.
2025-10-03 20:59:38 - [ERROR] Directory '' doesn't exist.
2025-10-03 20:59:38 - [ERROR] Directory '' doesn't exist.
2025-10-03 20:59:38 - [ERROR] Directory '' doesn't exist.
2025-10-03 20:59:38 - [ERROR] Directory '' doesn't exist.
2025-10-03 20:59:38 - [ERROR] Directory '' doesn't exist.
2025-10-03 20:59:38 - [ERROR] Directory '' doesn't exist.
2025-10-03 20:59:38 - [ERROR] Directory '' doesn't exist.
2025-10-03 20:59:38 - [ERROR] Directory '' doesn't exist.
2025-10-03 20:59:38 - [ERROR] Directory '' doesn't exist.
2025-10-03 20:59:38 - [ERROR] Directory '' doesn't exist.
2025-10-03 20:59:38 - [ERROR] Directory '' doesn't exist.
2025-10-03 20:59:38 - [ERROR] Directory '' doesn't exist.
2025-10-03 20:59:38 - [ERROR] Directory '' doesn't exist.
2025-10-03 20:59:38 - [ERROR] Directory '' doesn't exist.
2025-10-03 20:59:38 - [ERROR] Directory '' doesn't exist.
2025-10-03 20:59:38 - [ERROR] Directory '' doesn't exist.
2025-10-03 20:59:38 - [ERROR] Directory '' doesn't exist.
2025-10-03 20:59:38 - [ERROR] Directory '' doesn't exist.
2025-10-03 20:59:38 - [ERROR] Directory '' doesn't exist.
2025-10-03 20:59:38 - [ERROR] Directory '' doesn't exist.
2025-10-03 20:59:38 - [ERROR] Directory '' doesn't exist.
2025-10-03 20:59:38 - [ERROR] Directory '' doesn't exist.
2025-10-03 20:59:38 - [ERROR] Directory '' doesn't exist.
2025-10-03 20:59:38 - [ERROR] Directory '' doesn't exist.
2025-10-03 20:59:38 - [ERROR] Directory '' doesn't exist.
2025-10-03 20:59:38 - [ERROR] Directory '' doesn't exist.
2025-10-03 20:59:38 - [ERROR] Directory '' doesn't exist.
2025-10-03 20:59:38 - [ERROR] Directory '' doesn't exist.
2025-10-03 20:59:38 - [ERROR] Directory '' doesn't exist.
2025-10-03 20:59:38 - [ERROR] Directory '' doesn't exist.
2025-10-03 20:59:38 - [ERROR] Directory '' doesn't exist.
2025-10-03 20:59:38 - [ERROR] Directory '' doesn't exist.
2025-10-03 20:59:38 - [ERROR] Directory '' doesn't exist.
2025-10-03 20:59:38 - [ERROR] Directory '' doesn't exist.
2025-10-03 20:59:38 - [ERROR] Directory '' doesn't exist.
2025-10-03 21:00:06 - [ERROR] Directory '' doesn't exist.
2025-10-03 21:00:08 - [ERROR] Directory '' doesn't exist.
2025-10-03 21:00:22 - [ERROR] Directory 'cd ..' doesn't exist.
2025-10-03 21:05:13 - [SUCCESS] Successfully printed contents!
2025-10-03 21:06:02 - [SUCCESS] Successfully printed contents!
2025-10-03 21:07:03 - [SUCCESS] Successfully printed contents!
2025-10-03 21:08:25 - [ERROR] Directory 'no' doesn't exist.
2025-10-03 21:08:31 - [SUCCESS] Successfully printed contents!
2025-10-03 21:08:36 - [ERROR] Directory 'no' doesn't exist.
2025-10-03 21:08:54 - [SUCCESS] Successfully printed contents!
2025-10-03 21:10:47 - [SUCCESS] Successfully printed contents!
2025-10-03 21:10:52 - [ERROR] incorrectly typed command
2025-10-03 21:29:03 - [SUCCESS] Successfully printed contents!
2025-10-03 21:29:56 - [SUCCESS] Successfully printed contents!
2025-10-03 21:30:00 - [ERROR] incorrectly typed command
2025-10-03 21:30:09 - [SUCCESS] Successfully printed contents!
2025-10-03 21:30:10 - [ERROR] incorrectly typed command
2025-10-03 21:30:31 - [SUCCESS] Successfully printed contents!
