2023-09-28 14:22:10 [INFO] Application started successfully.
2023-10-05 09:45:33 [INFO] User 'admin' logged in.
2023-10-12 18:03:47 [WARNING] Disk usage is above 80%.
2023-09-30 22:15:10 [ERROR] Failed to connect to database at 192.168.1.100.
2023-10-08 07:56:05 [INFO] New user 'john_doe' registered.
2023-10-01 03:27:30 [CRITICAL] Server crashed due to memory overflow.
2023-10-10 12:18:12 [INFO] Backup process started.
2023-10-03 16:49:45 [WARNING] High CPU usage detected (95%).
2023-10-07 11:20:50 [ERROR] File not found: /var/www/index.html.
2023-09-29 20:21:15 [INFO] Scheduled task completed successfully.
2023-10-14 05:42:40 [CRITICAL] Database corruption detected.
2023-10-06 08:23:55 [INFO] User 'admin' logged out.
2023-10-11 13:34:30 [WARNING] Network latency is higher than usual.
2023-10-02 19:25:10 [ERROR] Unable to write to log file: /var/log/app.log.
2023-10-09 10:16:45 [INFO] New device connected: 192.168.1.101.
2023-09-27 23:57:20 [CRITICAL] Application failed to start due to missing dependencies.
2023-10-04 06:28:05 [INFO] Cache cleared successfully.
2023-10-13 17:29:30 [WARNING] SSL certificate expires in 7 days.
2023-10-15 08:30:10 [ERROR] Invalid input received from user 'john_doe'.
2023-09-26 04:31:45 [INFO] Application shutdown initiated.
